<?xml version="1.0" encoding="UTF-8" ?>
<testsuite tests="27" failures="0" name="net.mooctest.GraphTest" time="0.042" errors="0" skipped="0">
  <properties>
    <property name="jansi.mode" value="strip"/>
    <property name="java.runtime.name" value="OpenJDK Runtime Environment"/>
    <property name="java.vm.version" value="11.0.28+6-post-Ubuntu-1ubuntu124.04.1"/>
    <property name="sun.boot.library.path" value="/usr/lib/jvm/java-11-openjdk-amd64/lib"/>
    <property name="maven.multiModuleProjectDirectory" value="/home/engine/project/FastestRoute_1729957753126"/>
    <property name="java.vm.vendor" value="Ubuntu"/>
    <property name="java.vendor.url" value="https://ubuntu.com/"/>
    <property name="guice.disable.misplaced.annotation.check" value="true"/>
    <property name="path.separator" value=":"/>
    <property name="java.vm.name" value="OpenJDK 64-Bit Server VM"/>
    <property name="sun.os.patch.level" value="unknown"/>
    <property name="sun.java.launcher" value="SUN_STANDARD"/>
    <property name="java.vm.specification.name" value="Java Virtual Machine Specification"/>
    <property name="user.dir" value="/home/engine/project/FastestRoute_1729957753126"/>
    <property name="java.vm.compressedOopsMode" value="32-bit"/>
    <property name="java.runtime.version" value="11.0.28+6-post-Ubuntu-1ubuntu124.04.1"/>
    <property name="java.awt.graphicsenv" value="sun.awt.X11GraphicsEnvironment"/>
    <property name="os.arch" value="amd64"/>
    <property name="java.io.tmpdir" value="/tmp"/>
    <property name="line.separator" value="
"/>
    <property name="java.vm.specification.vendor" value="Oracle Corporation"/>
    <property name="os.name" value="Linux"/>
    <property name="classworlds.conf" value="/usr/share/maven/bin/m2.conf"/>
    <property name="sun.jnu.encoding" value="UTF-8"/>
    <property name="java.library.path" value="/usr/java/packages/lib:/usr/lib/x86_64-linux-gnu/jni:/lib/x86_64-linux-gnu:/usr/lib/x86_64-linux-gnu:/usr/lib/jni:/lib:/usr/lib"/>
    <property name="maven.conf" value="/usr/share/maven/conf"/>
    <property name="jdk.debug" value="release"/>
    <property name="java.class.version" value="55.0"/>
    <property name="java.specification.name" value="Java Platform API Specification"/>
    <property name="sun.management.compiler" value="HotSpot 64-Bit Tiered Compilers"/>
    <property name="os.version" value="5.10.223"/>
    <property name="library.jansi.path" value="/usr/share/maven/lib/jansi-native"/>
    <property name="user.home" value="/home/engine"/>
    <property name="user.timezone" value="Etc/UTC"/>
    <property name="java.awt.printerjob" value="sun.print.PSPrinterJob"/>
    <property name="file.encoding" value="UTF-8"/>
    <property name="java.specification.version" value="11"/>
    <property name="user.name" value="engine"/>
    <property name="java.class.path" value="/usr/share/maven/boot/plexus-classworlds-2.x.jar"/>
    <property name="java.vm.specification.version" value="11"/>
    <property name="sun.arch.data.model" value="64"/>
    <property name="sun.java.command" value="org.codehaus.plexus.classworlds.launcher.Launcher -B test"/>
    <property name="java.home" value="/usr/lib/jvm/java-11-openjdk-amd64"/>
    <property name="user.language" value="en"/>
    <property name="java.specification.vendor" value="Oracle Corporation"/>
    <property name="awt.toolkit" value="sun.awt.X11.XToolkit"/>
    <property name="java.vm.info" value="mixed mode, sharing"/>
    <property name="java.version" value="11.0.28"/>
    <property name="java.vendor" value="Ubuntu"/>
    <property name="java.specification.maintenance.version" value="3"/>
    <property name="maven.home" value="/usr/share/maven"/>
    <property name="file.separator" value="/"/>
    <property name="java.version.date" value="2025-07-15"/>
    <property name="java.vendor.url.bug" value="https://bugs.launchpad.net/ubuntu/+source/openjdk-lts"/>
    <property name="sun.io.unicode.encoding" value="UnicodeLittle"/>
    <property name="sun.cpu.endian" value="little"/>
    <property name="sun.cpu.isalist" value=""/>
  </properties>
  <testcase classname="net.mooctest.GraphTest" name="testGraphAddEdgeAndGetNode" time="0.009"/>
  <testcase classname="net.mooctest.GraphTest" name="testShortestTimeFirstCalculateTravelTimeVariants" time="0.003"/>
  <testcase classname="net.mooctest.GraphTest" name="testAStarHeuristicFactors" time="0.003"/>
  <testcase classname="net.mooctest.GraphTest" name="testAStarFindsPathAvoidingHighRisk" time="0.004"/>
  <testcase classname="net.mooctest.GraphTest" name="testRouteOptimizerDelegatesToAlgorithm" time="0.001"/>
  <testcase classname="net.mooctest.GraphTest" name="testWeatherConditionAdjustments" time="0.001"/>
  <testcase classname="net.mooctest.GraphTest" name="testDijkstraFindsPathWithRefuelAndConstraints" time="0.007"/>
  <testcase classname="net.mooctest.GraphTest" name="testNodeAddNeighborSkipsObstacles" time="0"/>
  <testcase classname="net.mooctest.GraphTest" name="testIterativeDeepeningSearchReturnsNullWhenDepthInsufficient" time="0.001"/>
  <testcase classname="net.mooctest.GraphTest" name="testGasStationRefuelOutput" time="0.001"/>
  <testcase classname="net.mooctest.GraphTest" name="testBellmanFordFindsShortestPath" time="0.001"/>
  <testcase classname="net.mooctest.GraphTest" name="testPathResultGetPathAndPrint" time="0"/>
  <testcase classname="net.mooctest.GraphTest" name="testDijkstraSkipsClosedAndHighRiskForNonEmergency" time="0"/>
  <testcase classname="net.mooctest.GraphTest" name="testDijkstraAllowsEmergencyThroughRestrictions" time="0.002"/>
  <testcase classname="net.mooctest.GraphTest" name="testEdgeProperties" time="0.001"/>
  <testcase classname="net.mooctest.GraphTest" name="testFloydWarshallShortestPath" time="0.002"/>
  <testcase classname="net.mooctest.GraphTest" name="testGraphAddEdgeWithMissingNodeDoesNothing" time="0"/>
  <testcase classname="net.mooctest.GraphTest" name="testNodeConstructorAndGetters" time="0"/>
  <testcase classname="net.mooctest.GraphTest" name="testFloydWarshallPrintDistanceMatrix" time="0.001"/>
  <testcase classname="net.mooctest.GraphTest" name="testDijkstraReturnsNullWithoutGasStation" time="0.001"/>
  <testcase classname="net.mooctest.GraphTest" name="testVehicleFuelOperations" time="0"/>
  <testcase classname="net.mooctest.GraphTest" name="testAStarReturnsNullWhenFuelInsufficient" time="0"/>
  <testcase classname="net.mooctest.GraphTest" name="testTrafficConditionAdjustWeightAllBranches" time="0.001"/>
  <testcase classname="net.mooctest.GraphTest" name="testPathNodeConstructors" time="0"/>
  <testcase classname="net.mooctest.GraphTest" name="testShortestTimeFirstFindsPathAndSkipsClosedRoads" time="0.001"/>
  <testcase classname="net.mooctest.GraphTest" name="testIterativeDeepeningSearchFindsPathWithinDepth" time="0"/>
  <testcase classname="net.mooctest.GraphTest" name="testBellmanFordDetectsNegativeCycle" time="0.002"/>
</testsuite>